--- Run 2025-09-24 23:31:47.033362 ---
Path: [(0, 0), (1, 0), (2, 0), (3, 0), (4, 0), (4, 1), (4, 2), (4, 3), (4, 4)]
Stats: {'nodes_expanded': 20, 'path_cost': 8}

--- Run 2025-09-24 23:31:55.188215 ---
Path: [(0, 0), (1, 0), (2, 0), (3, 0), (4, 0), (4, 1), (4, 2), (4, 3), (4, 4)]
Stats: {'nodes_expanded': 20, 'path_cost': 8}

--- Run 2025-09-24 23:33:00.478957 ---
Path: [(0, 0), (1, 0), (2, 0), (3, 0), (4, 0), (5, 0), (5, 1), (5, 2), (5, 3), (6, 3), (7, 3), (7, 4), (7, 5), (7, 6), (8, 6), (8, 7), (8, 8)]
Stats: {'nodes_expanded': 66, 'path_cost': 16}

--- Run 2025-09-24 23:36:05.941131 ---
Path: [(0, 0), (1, 0), (2, 0), (3, 0), (4, 0), (5, 0), (6, 0), (7, 0), (8, 0), (9, 0), (10, 0), (11, 0), (12, 0), (12, 1), (12, 2), (12, 3), (12, 4), (12, 5), (12, 6), (12, 7), (12, 8), (11, 8), (10, 8), (10, 9), (10, 10)]
Stats: {'nodes_expanded': 139, 'path_cost': 24}

--- Run 2025-09-24 23:36:31.649587 ---
Path: [(0, 0), (1, 0), (2, 0), (3, 0), (4, 0), (5, 0), (6, 0), (7, 0), (8, 0), (9, 0), (10, 0), (11, 0), (12, 0), (12, 1), (12, 2), (12, 3), (12, 4), (12, 5), (12, 6), (12, 7), (12, 8), (11, 8), (10, 8), (10, 9), (10, 10)]
Stats: {'nodes_expanded': 139, 'path_cost': 24}

--- Run 2025-09-24 23:37:34.385128 ---
Path: [(0, 0), (0, 1), (0, 2), (0, 3), (0, 4), (1, 4), (2, 4), (3, 4), (4, 4)]
Stats: {'nodes_expanded': 20, 'path_cost': 8}

--- Run 2025-09-24 23:38:15.532120 ---
Path: [(0, 0), (1, 0), (2, 0), (3, 0), (4, 0), (5, 0), (5, 1), (5, 2), (5, 3), (6, 3), (7, 3), (7, 4), (7, 5), (7, 6), (8, 6), (8, 7), (8, 8)]
Stats: {'nodes_expanded': 66, 'path_cost': 16}

--- Run 2025-09-24 23:39:22.817458 ---
Path: []
Stats: {'nodes_expanded': 20, 'path_cost': inf}

--- Run 2025-09-24 23:40:05.736132 ---
Path: []
Stats: {'nodes_expanded': 20, 'path_cost': inf}

--- Run 2025-09-24 23:40:48.029159 ---
Path: [(0, 0), (1, 0), (2, 0), (3, 0), (4, 0), (5, 0), (5, 1), (5, 2), (5, 3), (6, 3), (7, 3), (7, 4), (7, 5), (7, 6), (8, 6), (8, 7), (8, 8)]
Stats: {'nodes_expanded': 66, 'path_cost': 16}

--- Run 2025-09-24 23:41:27.105364 ---
Path: [(0, 0), (0, 1), (0, 2), (0, 3), (0, 4), (0, 5), (0, 6), (1, 6), (2, 6), (3, 6), (4, 6), (5, 6), (6, 6), (7, 6), (8, 6), (9, 6), (10, 6), (11, 6), (12, 6), (12, 7), (12, 8), (11, 8), (10, 8), (10, 9), (10, 10)]
Stats: {'nodes_expanded': 138, 'path_cost': 24}

--- Run 2025-09-24 23:42:41.099031 ---
Path: [(0, 0), (0, 1), (0, 2), (0, 3), (0, 4), (1, 4), (2, 4), (3, 4), (4, 4)]
Stats: {'nodes_expanded': 20, 'path_cost': 8}

--- Run 2025-09-24 23:43:15.509348 ---
Path: [(0, 0), (1, 0), (2, 0), (3, 0), (4, 0), (5, 0), (5, 1), (5, 2), (5, 3), (6, 3), (7, 3), (7, 4), (7, 5), (7, 6), (8, 6), (8, 7), (8, 8)]
Stats: {'nodes_expanded': 45, 'path_cost': 16}

--- Run 2025-09-24 23:43:52.700918 ---
Path: [(0, 0), (0, 1), (0, 2), (0, 3), (0, 4), (0, 5), (0, 6), (1, 6), (2, 6), (3, 6), (4, 6), (5, 6), (6, 6), (7, 6), (8, 6), (9, 6), (10, 6), (11, 6), (12, 6), (12, 7), (12, 8), (11, 8), (10, 8), (10, 9), (10, 10)]
Stats: {'nodes_expanded': 107, 'path_cost': 24}

--- Run 2025-09-24 23:57:17.342732 ---
Path: [(0, 0), (0, 1), (1, 2), (2, 3), (3, 4), (4, 4), (5, 4), (6, 5), (7, 6), (8, 7), (9, 6), (10, 6), (11, 6), (12, 7), (11, 8), (10, 9), (10, 10)]
Stats: {'nodes_expanded': 61, 'path_cost': 16}

--- Run 2025-09-25 00:00:09.855145 ---
Path: [(0, 0), (0, 1), (1, 2), (2, 3), (3, 4), (4, 4), (5, 4), (6, 5), (7, 6), (8, 7), (9, 6), (10, 6), (11, 6), (12, 7), (11, 8), (10, 9), (10, 10)]
Stats: {'nodes_expanded': 61, 'path_cost': 16}

--- Run 2025-09-25 00:01:09.133779 ---
Path: [(0, 0), (1, 0), (2, 0), (3, 0), (4, 0), (5, 0), (5, 1), (5, 2), (5, 3), (5, 4), (5, 5)]
Stats: {'nodes_expanded': 42, 'path_cost': 10}

--- Run 2025-09-25 00:02:45.239075 ---
Path: [(0, 0), (0, 1), (1, 2), (2, 3), (3, 4), (4, 4), (5, 4), (6, 5), (7, 6), (8, 7), (9, 6), (10, 6), (11, 6), (12, 7), (11, 8), (10, 9), (10, 10)]
Stats: {'nodes_expanded': 61, 'path_cost': 16}

--- Run 2025-09-25 00:03:12.766178 ---
Path: [(0, 0), (1, 0), (2, 0), (3, 0), (4, 0), (5, 0), (5, 1), (5, 2), (5, 3), (5, 4), (5, 5)]
Stats: {'nodes_expanded': 42, 'path_cost': 10}

--- Run 2025-09-25 00:07:21.755845 ---
Path: [(0, 0), (0, 1), (1, 2), (2, 3), (3, 4), (4, 4)]
Stats: {'nodes_expanded': 6, 'path_cost': 5}

--- Run 2025-09-25 00:08:56.902176 ---
Path: [(0, 0), (0, 1), (1, 2), (2, 2), (3, 3), (3, 4), (2, 5), (3, 6), (4, 7), (5, 8), (6, 8), (7, 9), (8, 8)]
Stats: {'nodes_expanded': 16, 'path_cost': 12}

--- Run 2025-09-25 00:09:46.352064 ---
Path: [(0, 0), (0, 1), (1, 2), (2, 3), (3, 4), (4, 4), (5, 4), (6, 5), (7, 6), (8, 7), (9, 6), (10, 6), (11, 6), (12, 7), (11, 8), (10, 9), (10, 10)]
Stats: {'nodes_expanded': 61, 'path_cost': 16}

--- Run 2025-09-25 00:16:25.903050 ---
Path: [(7, 7), (7, 6), (8, 6), (9, 6), (10, 6), (10, 5), (10, 4), (10, 3), (10, 2), (10, 1), (10, 0), (11, 0), (12, 0), (13, 0), (14, 0)]
Stats: {'nodes_expanded': 27, 'path_cost': 14}

